{
    "timestamp": "2026-03-20T10:08:08.019394897+01:00",
    "sequence": 1149,
    "loggerClassName": "org.jboss.logging.Logger",
    "loggerName": "io.quarkus.config",
    "level": "WARN",
    "message": "The \"quarkus.log.file.json\" config property is deprecated and should not be used anymore.",
    "threadName": "Quarkus Main Thread",
    "threadId": 169,
    "mdc": {
    },
    "ndc": "",
    "hostName": "set-fi",
    "processName": "/home/mstefank/.sdkman/candidates/java/25.0.2-tem/bin/java",
    "processId": 54772
}
{
    "timestamp": "2026-03-20T10:08:08.025571394+01:00",
    "sequence": 1150,
    "loggerClassName": "org.jboss.logging.Logger",
    "loggerName": "io.quarkus",
    "level": "INFO",
    "message": "log-json-handler 1.0.0-SNAPSHOT on JVM (powered by Quarkus 999-SNAPSHOT) started in 0.298s. Listening on: http://localhost:8080",
    "threadName": "Quarkus Main Thread",
    "threadId": 169,
    "mdc": {
    },
    "ndc": "",
    "hostName": "set-fi",
    "processName": "/home/mstefank/.sdkman/candidates/java/25.0.2-tem/bin/java",
    "processId": 54772
}
{
    "timestamp": "2026-03-20T10:08:08.026147741+01:00",
    "sequence": 1151,
    "loggerClassName": "org.jboss.logging.Logger",
    "loggerName": "io.quarkus",
    "level": "INFO",
    "message": "Profile dev activated. Live Coding activated.",
    "threadName": "Quarkus Main Thread",
    "threadId": 169,
    "mdc": {
    },
    "ndc": "",
    "hostName": "set-fi",
    "processName": "/home/mstefank/.sdkman/candidates/java/25.0.2-tem/bin/java",
    "processId": 54772
}
{
    "timestamp": "2026-03-20T10:08:08.026603506+01:00",
    "sequence": 1152,
    "loggerClassName": "org.jboss.logging.Logger",
    "loggerName": "io.quarkus",
    "level": "INFO",
    "message": "Installed features: [cdi, rest, smallrye-context-propagation, vertx]",
    "threadName": "Quarkus Main Thread",
    "threadId": 169,
    "mdc": {
    },
    "ndc": "",
    "hostName": "set-fi",
    "processName": "/home/mstefank/.sdkman/candidates/java/25.0.2-tem/bin/java",
    "processId": 54772
}
{
    "timestamp": "2026-03-20T10:08:08.02712244+01:00",
    "sequence": 1153,
    "loggerClassName": "org.jboss.logging.Logger",
    "loggerName": "io.quarkus.deployment.dev.RuntimeUpdatesProcessor",
    "level": "INFO",
    "message": "Live reload total time: 0.309s ",
    "threadName": "vert.x-worker-thread-1",
    "threadId": 120,
    "mdc": {
    },
    "ndc": "",
    "hostName": "set-fi",
    "processName": "/home/mstefank/.sdkman/candidates/java/25.0.2-tem/bin/java",
    "processId": 54772
}
{
    "timestamp": "2026-03-20T10:08:08.034279705+01:00",
    "sequence": 1154,
    "loggerClassName": "org.jboss.logging.Logger",
    "loggerName": "io.xstefank.GreetingResource",
    "level": "INFO",
    "message": "GreetingResource.hello()",
    "threadName": "executor-thread-1",
    "threadId": 172,
    "mdc": {
    },
    "ndc": "",
    "hostName": "set-fi",
    "processName": "/home/mstefank/.sdkman/candidates/java/25.0.2-tem/bin/java",
    "processId": 54772
}
{
    "timestamp": "2026-03-20T10:50:10.109422589+01:00",
    "sequence": 1157,
    "loggerClassName": "org.jboss.logging.Logger",
    "loggerName": "io.quarkus",
    "level": "INFO",
    "message": "log-json-handler stopped in 0.001s",
    "threadName": "Shutdown thread",
    "threadId": 170,
    "mdc": {
    },
    "ndc": "",
    "hostName": "set-fi",
    "processName": "/home/mstefank/.sdkman/candidates/java/25.0.2-tem/bin/java",
    "processId": 54772
}
